<?xml version="1.0" encoding="UTF-8"?>
<!-- Generated by org.testng.reporters.JUnitReportReporter -->
<testsuite hostname="CDC2-LX-1MX6QQ2" name="TestingProject.LeanFtTest" tests="1" failures="0" timestamp="7 Jun 2019 06:14:05 GMT" time="5.688" errors="0">
  <testcase name="test" time="5.688" classname="TestingProject.LeanFtTest"/>
</testsuite> <!-- TestingProject.LeanFtTest -->
