<?xml version="1.0" encoding="UTF-8"?>
<!-- Generated by org.testng.reporters.JUnitReportReporter -->
<testsuite hostname="CDC2-LX-1MX6QQ2" name="TestingProject.TestforWindows" tests="1" failures="0" timestamp="27 May 2019 10:02:51 GMT" time="0.012" errors="0">
  <testcase name="f" time="0.012" classname="TestingProject.TestforWindows"/>
</testsuite> <!-- TestingProject.TestforWindows -->
